# JRE version: Java(TM) SE Runtime Environment (8.0_65-b17) (build 1.8.0_65-b17)
# Java VM: Java HotSpot(TM) 64-Bit Server VM (25.65-b01 mixed mode windows-amd64 compressed oops)
Heap:
 PSYoungGen      total 318976K, used 79156K [0x00000000eab00000, 0x00000000ffe00000, 0x0000000100000000)
  eden space 291328K, 22% used [0x00000000eab00000,0x00000000eec5fbb0,0x00000000fc780000)
  from space 27648K, 44% used [0x00000000fc780000,0x00000000fd36d6e8,0x00000000fe280000)
  to   space 26624K, 0% used [0x00000000fe400000,0x00000000fe400000,0x00000000ffe00000)
 ParOldGen       total 139264K, used 50352K [0x00000000c0000000, 0x00000000c8800000, 0x00000000eab00000)
  object space 139264K, 36% used [0x00000000c0000000,0x00000000c312c038,0x00000000c8800000)
 Metaspace       used 57934K, capacity 60824K, committed 61056K, reserved 1101824K
  class space    used 7654K, capacity 8275K, committed 8320K, reserved 1048576K
GC Heap History (10 events):
Event: 515.331 GC heap before
{Heap before GC invocations=16 (full 4):
 PSYoungGen      total 286720K, used 269248K [0x00000000eab00000, 0x00000000ffe00000, 0x0000000100000000)
  eden space 256512K, 100% used [0x00000000eab00000,0x00000000fa580000,0x00000000fa580000)
  from space 30208K, 42% used [0x00000000fa580000,0x00000000fb1f02b0,0x00000000fc300000)
  to   space 28672K, 0% used [0x00000000fe200000,0x00000000fe200000,0x00000000ffe00000)
 ParOldGen       total 139264K, used 39546K [0x00000000c0000000, 0x00000000c8800000, 0x00000000eab00000)
  object space 139264K, 28% used [0x00000000c0000000,0x00000000c269e918,0x00000000c8800000)
 Metaspace       used 53164K, capacity 54854K, committed 55040K, reserved 1097728K
  class space    used 6954K, capacity 7340K, committed 7424K, reserved 1048576K
Event: 515.339 GC heap after
Heap after GC invocations=16 (full 4):
 PSYoungGen      total 317952K, used 1726K [0x00000000eab00000, 0x00000000fff80000, 0x0000000100000000)
  eden space 289280K, 0% used [0x00000000eab00000,0x00000000eab00000,0x00000000fc580000)
  from space 28672K, 6% used [0x00000000fe200000,0x00000000fe3afac8,0x00000000ffe00000)
  to   space 29184K, 0% used [0x00000000fc580000,0x00000000fc580000,0x00000000fe200000)
 ParOldGen       total 139264K, used 46484K [0x00000000c0000000, 0x00000000c8800000, 0x00000000eab00000)
  object space 139264K, 33% used [0x00000000c0000000,0x00000000c2d651c8,0x00000000c8800000)
 Metaspace       used 53164K, capacity 54854K, committed 55040K, reserved 1097728K
  class space    used 6954K, capacity 7340K, committed 7424K, reserved 1048576K
}
Event: 518.562 GC heap before
{Heap before GC invocations=17 (full 4):
 PSYoungGen      total 317952K, used 191881K [0x00000000eab00000, 0x00000000fff80000, 0x0000000100000000)
  eden space 289280K, 65% used [0x00000000eab00000,0x00000000f64b2968,0x00000000fc580000)
  from space 28672K, 6% used [0x00000000fe200000,0x00000000fe3afac8,0x00000000ffe00000)
  to   space 29184K, 0% used [0x00000000fc580000,0x00000000fc580000,0x00000000fe200000)
 ParOldGen       total 139264K, used 46484K [0x00000000c0000000, 0x00000000c8800000, 0x00000000eab00000)
  object space 139264K, 33% used [0x00000000c0000000,0x00000000c2d651c8,0x00000000c8800000)
 Metaspace       used 54176K, capacity 55962K, committed 56192K, reserved 1097728K
  class space    used 7080K, capacity 7466K, committed 7552K, reserved 1048576K
Event: 518.569 GC heap after
Heap after GC invocations=17 (full 4):
 PSYoungGen      total 318464K, used 4120K [0x00000000eab00000, 0x00000000ffe80000, 0x0000000100000000)
  eden space 289280K, 0% used [0x00000000eab00000,0x00000000eab00000,0x00000000fc580000)
  from space 29184K, 14% used [0x00000000fc580000,0x00000000fc986328,0x00000000fe200000)
  to   space 28672K, 0% used [0x00000000fe280000,0x00000000fe280000,0x00000000ffe80000)
 ParOldGen       total 139264K, used 46860K [0x00000000c0000000, 0x00000000c8800000, 0x00000000eab00000)
  object space 139264K, 33% used [0x00000000c0000000,0x00000000c2dc31d8,0x00000000c8800000)
 Metaspace       used 54176K, capacity 55962K, committed 56192K, reserved 1097728K
  class space    used 7080K, capacity 7466K, committed 7552K, reserved 1048576K
}
Event: 518.569 GC heap before
{Heap before GC invocations=18 (full 5):
 PSYoungGen      total 318464K, used 4120K [0x00000000eab00000, 0x00000000ffe80000, 0x0000000100000000)
  eden space 289280K, 0% used [0x00000000eab00000,0x00000000eab00000,0x00000000fc580000)
  from space 29184K, 14% used [0x00000000fc580000,0x00000000fc986328,0x00000000fe200000)
  to   space 28672K, 0% used [0x00000000fe280000,0x00000000fe280000,0x00000000ffe80000)
 ParOldGen       total 139264K, used 46860K [0x00000000c0000000, 0x00000000c8800000, 0x00000000eab00000)
  object space 139264K, 33% used [0x00000000c0000000,0x00000000c2dc31d8,0x00000000c8800000)
 Metaspace       used 54176K, capacity 55962K, committed 56192K, reserved 1097728K
  class space    used 7080K, capacity 7466K, committed 7552K, reserved 1048576K
Event: 518.913 GC heap after
Heap after GC invocations=18 (full 5):
 PSYoungGen      total 318464K, used 0K [0x00000000eab00000, 0x00000000ffe80000, 0x0000000100000000)
  eden space 289280K, 0% used [0x00000000eab00000,0x00000000eab00000,0x00000000fc580000)
  from space 29184K, 0% used [0x00000000fc580000,0x00000000fc580000,0x00000000fe200000)
  to   space 28672K, 0% used [0x00000000fe280000,0x00000000fe280000,0x00000000ffe80000)
 ParOldGen       total 139264K, used 44584K [0x00000000c0000000, 0x00000000c8800000, 0x00000000eab00000)
  object space 139264K, 32% used [0x00000000c0000000,0x00000000c2b8a3f0,0x00000000c8800000)
 Metaspace       used 54157K, capacity 55940K, committed 56192K, reserved 1097728K
  class space    used 7074K, capacity 7460K, committed 7552K, reserved 1048576K
}
Event: 534.646 GC heap before
{Heap before GC invocations=19 (full 5):
 PSYoungGen      total 318464K, used 289280K [0x00000000eab00000, 0x00000000ffe80000, 0x0000000100000000)
  eden space 289280K, 100% used [0x00000000eab00000,0x00000000fc580000,0x00000000fc580000)
  from space 29184K, 0% used [0x00000000fc580000,0x00000000fc580000,0x00000000fe200000)
  to   space 28672K, 0% used [0x00000000fe280000,0x00000000fe280000,0x00000000ffe80000)
 ParOldGen       total 139264K, used 44584K [0x00000000c0000000, 0x00000000c8800000, 0x00000000eab00000)
  object space 139264K, 32% used [0x00000000c0000000,0x00000000c2b8a3f0,0x00000000c8800000)
 Metaspace       used 55421K, capacity 57516K, committed 57728K, reserved 1099776K
  class space    used 7238K, capacity 7713K, committed 7808K, reserved 1048576K
Event: 534.662 GC heap after
Heap after GC invocations=19 (full 5):
 PSYoungGen      total 318976K, used 7637K [0x00000000eab00000, 0x00000000ffd80000, 0x0000000100000000)
  eden space 291328K, 0% used [0x00000000eab00000,0x00000000eab00000,0x00000000fc780000)
  from space 27648K, 27% used [0x00000000fe280000,0x00000000fe9f5418,0x00000000ffd80000)
  to   space 27648K, 0% used [0x00000000fc780000,0x00000000fc780000,0x00000000fe280000)
 ParOldGen       total 139264K, used 44592K [0x00000000c0000000, 0x00000000c8800000, 0x00000000eab00000)
  object space 139264K, 32% used [0x00000000c0000000,0x00000000c2b8c3f0,0x00000000c8800000)
 Metaspace       used 55421K, capacity 57516K, committed 57728K, reserved 1099776K
  class space    used 7238K, capacity 7713K, committed 7808K, reserved 1048576K
}
Event: 544.075 GC heap before
{Heap before GC invocations=20 (full 5):
 PSYoungGen      total 318976K, used 298965K [0x00000000eab00000, 0x00000000ffd80000, 0x0000000100000000)
  eden space 291328K, 100% used [0x00000000eab00000,0x00000000fc780000,0x00000000fc780000)
  from space 27648K, 27% used [0x00000000fe280000,0x00000000fe9f5418,0x00000000ffd80000)
  to   space 27648K, 0% used [0x00000000fc780000,0x00000000fc780000,0x00000000fe280000)
 ParOldGen       total 139264K, used 44592K [0x00000000c0000000, 0x00000000c8800000, 0x00000000eab00000)
  object space 139264K, 32% used [0x00000000c0000000,0x00000000c2b8c3f0,0x00000000c8800000)
 Metaspace       used 57802K, capacity 60622K, committed 60800K, reserved 1101824K
  class space    used 7637K, capacity 8252K, committed 8320K, reserved 1048576K
Event: 544.090 GC heap after
Heap after GC invocations=20 (full 5):
 PSYoungGen      total 318976K, used 12213K [0x00000000eab00000, 0x00000000ffe00000, 0x0000000100000000)
  eden space 291328K, 0% used [0x00000000eab00000,0x00000000eab00000,0x00000000fc780000)
  from space 27648K, 44% used [0x00000000fc780000,0x00000000fd36d6e8,0x00000000fe280000)
  to   space 26624K, 0% used [0x00000000fe400000,0x00000000fe400000,0x00000000ffe00000)
 ParOldGen       total 139264K, used 50352K [0x00000000c0000000, 0x00000000c8800000, 0x00000000eab00000)
  object space 139264K, 36% used [0x00000000c0000000,0x00000000c312c038,0x00000000c8800000)
 Metaspace       used 57802K, capacity 60622K, committed 60800K, reserved 1101824K
  class space    used 7637K, capacity 8252K, committed 8320K, reserved 1048576K
}

